<?xml version="1.0" encoding="UTF-8"?>
<robot generator="Robot 6.0.2 (Python 3.11.1 on win32)" generated="20230127 14:33:36.860" rpa="false" schemaversion="3">
<suite id="s1" name="Demo2" source="C:\robot_project\api_suite\demo2.robot">
<kw name="Create Session" library="RequestsLibrary" type="SETUP">
<arg>alias=petshop</arg>
<arg>url=https://petstore.swagger.io/v2</arg>
<doc>Create Session: create a HTTP session to a server</doc>
<msg timestamp="20230127 14:33:37.008" level="INFO">Creating Session using : alias=petshop, url=https://petstore.swagger.io/v2, headers={},                     cookies={}, auth=None, timeout=None, proxies=None, verify=False,                     debug=0 </msg>
<status status="PASS" starttime="20230127 14:33:37.008" endtime="20230127 14:33:37.008"/>
</kw>
<test id="s1-t1" name="TC1 Get Pet" line="9">
<kw name="GET On Session" library="RequestsLibrary">
<var>${response}</var>
<arg>alias=petshop</arg>
<arg>url=pet/12</arg>
<doc>Sends a GET request on a previously created HTTP Session.</doc>
<msg timestamp="20230127 14:33:37.979" level="INFO">GET Request : url=https://petstore.swagger.io/v2/pet/12 
 path_url=/v2/pet/12 
 headers={'User-Agent': 'python-requests/2.28.2', 'Accept-Encoding': 'gzip, deflate', 'Accept': '*/*', 'Connection': 'keep-alive'} 
 body=None 
 </msg>
<msg timestamp="20230127 14:33:37.979" level="INFO">GET Response : url=https://petstore.swagger.io/v2/pet/12 
 status=200, reason=OK 
 headers={'Date': 'Fri, 27 Jan 2023 09:03:38 GMT', 'Content-Type': 'application/json', 'Transfer-Encoding': 'chunked', 'Connection': 'keep-alive', 'Access-Control-Allow-Origin': '*', 'Access-Control-Allow-Methods': 'GET, POST, DELETE, PUT', 'Access-Control-Allow-Headers': 'Content-Type, api_key, Authorization', 'Server': 'Jetty(9.2.9.v20150224)'} 
 body={"id":12,"category":{"id":1,"name":"string"},"name":"doggie","photoUrls":["string"],"tags":[{"id":1,"name":"string"}],"status":"available"} 
 </msg>
<msg timestamp="20230127 14:33:37.979" level="INFO">C:\Users\40032118\AppData\Local\Programs\Python\Python311\Lib\site-packages\urllib3\connectionpool.py:1045: InsecureRequestWarning: Unverified HTTPS request is being made to host 'petstore.swagger.io'. Adding certificate verification is strongly advised. See: https://urllib3.readthedocs.io/en/1.26.x/advanced-usage.html#ssl-warnings
  warnings.warn(</msg>
<msg timestamp="20230127 14:33:37.979" level="INFO">${response} = &lt;Response [200]&gt;</msg>
<status status="PASS" starttime="20230127 14:33:37.008" endtime="20230127 14:33:37.979"/>
</kw>
<kw name="Status Should Be" library="RequestsLibrary">
<arg>200</arg>
<doc>Fails if response status code is different than the expected.</doc>
<status status="PASS" starttime="20230127 14:33:37.983" endtime="20230127 14:33:37.983"/>
</kw>
<tag>smoke</tag>
<status status="PASS" starttime="20230127 14:33:37.008" endtime="20230127 14:33:37.983"/>
</test>
<test id="s1-t2" name="TC3 Get Query String" line="21">
<kw name="GET On Session" library="RequestsLibrary">
<var>${response}</var>
<arg>alias=petshop</arg>
<arg>url=pet/findByStatus?status=sold</arg>
<doc>Sends a GET request on a previously created HTTP Session.</doc>
<msg timestamp="20230127 14:33:38.190" level="INFO">GET Request : url=https://petstore.swagger.io/v2/pet/findByStatus?status=sold 
 path_url=/v2/pet/findByStatus?status=sold 
 headers={'User-Agent': 'python-requests/2.28.2', 'Accept-Encoding': 'gzip, deflate', 'Accept': '*/*', 'Connection': 'keep-alive'} 
 body=None 
 </msg>
<msg timestamp="20230127 14:33:38.190" level="INFO">GET Response : url=https://petstore.swagger.io/v2/pet/findByStatus?status=sold 
 status=200, reason=OK 
 headers={'Date': 'Fri, 27 Jan 2023 09:03:38 GMT', 'Content-Type': 'application/json', 'Transfer-Encoding': 'chunked', 'Connection': 'keep-alive', 'Access-Control-Allow-Origin': '*', 'Access-Control-Allow-Methods': 'GET, POST, DELETE, PUT', 'Access-Control-Allow-Headers': 'Content-Type, api_key, Authorization', 'Server': 'Jetty(9.2.9.v20150224)'} 
 body=[{"id":2,"category":{"id":21,"name":"Canin"},"name":"Asty","photoUrls":["string"],"tags":[{"id":211,"name":"Asty"}],"status":"sold"},{"id":101,"category":{"id":21,"name":"Canin"},"name":"Asty","photoUrls":["string"],"tags":[{"id":211,"name":"Asty"}],"status":"sold"},{"id":23321321321321321,"category":{"id":0,"name":"cat"},"name":"Derek is now a digital cat","photoUrls":["string"],"tags":[{"id":0,"name":"string"}],"status":"sold"},{"id":13,"category":{"id":0,"name":"cats"},"photoUrls":["string"],"tags":[{"id":0,"name":"string"}],"status":"sold"}] 
 </msg>
<msg timestamp="20230127 14:33:38.190" level="INFO">C:\Users\40032118\AppData\Local\Programs\Python\Python311\Lib\site-packages\urllib3\connectionpool.py:1045: InsecureRequestWarning: Unverified HTTPS request is being made to host 'petstore.swagger.io'. Adding certificate verification is strongly advised. See: https://urllib3.readthedocs.io/en/1.26.x/advanced-usage.html#ssl-warnings
  warnings.warn(</msg>
<msg timestamp="20230127 14:33:38.206" level="INFO">${response} = &lt;Response [200]&gt;</msg>
<status status="PASS" starttime="20230127 14:33:37.983" endtime="20230127 14:33:38.206"/>
</kw>
<kw name="Status Should Be" library="RequestsLibrary">
<arg>200</arg>
<doc>Fails if response status code is different than the expected.</doc>
<status status="PASS" starttime="20230127 14:33:38.206" endtime="20230127 14:33:38.206"/>
</kw>
<kw name="Log" library="BuiltIn">
<arg>${response.json()}</arg>
<doc>Logs the given message with the given level.</doc>
<msg timestamp="20230127 14:33:38.212" level="INFO">[{'id': 2, 'category': {'id': 21, 'name': 'Canin'}, 'name': 'Asty', 'photoUrls': ['string'], 'tags': [{'id': 211, 'name': 'Asty'}], 'status': 'sold'}, {'id': 101, 'category': {'id': 21, 'name': 'Canin'}, 'name': 'Asty', 'photoUrls': ['string'], 'tags': [{'id': 211, 'name': 'Asty'}], 'status': 'sold'}, {'id': 23321321321321321, 'category': {'id': 0, 'name': 'cat'}, 'name': 'Derek is now a digital cat', 'photoUrls': ['string'], 'tags': [{'id': 0, 'name': 'string'}], 'status': 'sold'}, {'id': 13, 'category': {'id': 0, 'name': 'cats'}, 'photoUrls': ['string'], 'tags': [{'id': 0, 'name': 'string'}], 'status': 'sold'}]</msg>
<status status="PASS" starttime="20230127 14:33:38.206" endtime="20230127 14:33:38.212"/>
</kw>
<kw name="Log" library="BuiltIn">
<arg>${response.json()}[0][id]</arg>
<doc>Logs the given message with the given level.</doc>
<msg timestamp="20230127 14:33:38.212" level="INFO">2</msg>
<status status="PASS" starttime="20230127 14:33:38.212" endtime="20230127 14:33:38.212"/>
</kw>
<tag>smoke</tag>
<status status="PASS" starttime="20230127 14:33:37.983" endtime="20230127 14:33:38.212"/>
</test>
<status status="PASS" starttime="20230127 14:33:36.867" endtime="20230127 14:33:38.212"/>
</suite>
<statistics>
<total>
<stat pass="2" fail="0" skip="0">All Tests</stat>
</total>
<tag>
<stat pass="2" fail="0" skip="0">smoke</stat>
</tag>
<suite>
<stat pass="2" fail="0" skip="0" id="s1" name="Demo2">Demo2</stat>
</suite>
</statistics>
<errors>
</errors>
</robot>
