<?xml version="1.0" encoding="UTF-8"?>
<robot generator="Robot 6.0.2 (Python 3.11.1 on win32)" generated="20230124 11:20:01.650" rpa="false" schemaversion="3">
<suite id="s1" name="Demo4 Gotomeeting" source="C:\robot_project\selenium_suite\demo4_gotomeeting.robot">
<test id="s1-t1" name="TC1 REG" line="7">
<kw name="Open Browser" library="SeleniumLibrary">
<arg>browser=chrome</arg>
<doc>Opens a new browser instance to the optional ``url``.</doc>
<msg timestamp="20230124 11:20:01.945" level="INFO">Opening browser 'chrome' to base url 'None'.</msg>
<status status="PASS" starttime="20230124 11:20:01.945" endtime="20230124 11:20:03.654"/>
</kw>
<kw name="Maximize Browser Window" library="SeleniumLibrary">
<doc>Maximizes current browser window.</doc>
<status status="PASS" starttime="20230124 11:20:03.654" endtime="20230124 11:20:03.774"/>
</kw>
<kw name="Set Browser Implicit Wait" library="SeleniumLibrary">
<arg>30s</arg>
<doc>Sets the implicit wait value used by Selenium.</doc>
<status status="PASS" starttime="20230124 11:20:03.775" endtime="20230124 11:20:03.779"/>
</kw>
<kw name="Go To" library="SeleniumLibrary">
<arg>url=https://www.goto.com/meeting/</arg>
<doc>Navigates the current browser window to the provided ``url``.</doc>
<msg timestamp="20230124 11:20:03.781" level="INFO">Opening url 'https://www.goto.com/meeting/'</msg>
<status status="PASS" starttime="20230124 11:20:03.780" endtime="20230124 11:20:17.127"/>
</kw>
<kw name="Click Element" library="SeleniumLibrary">
<arg>id=truste-consent-button</arg>
<doc>Click the element identified by ``locator``.</doc>
<msg timestamp="20230124 11:20:17.130" level="INFO">Clicking element 'id=truste-consent-button'.</msg>
<status status="PASS" starttime="20230124 11:20:17.128" endtime="20230124 11:20:17.263"/>
</kw>
<kw name="Click Element" library="SeleniumLibrary">
<arg>link=Try Free</arg>
<doc>Click the element identified by ``locator``.</doc>
<msg timestamp="20230124 11:20:17.264" level="INFO">Clicking element 'link=Try Free'.</msg>
<status status="PASS" starttime="20230124 11:20:17.264" endtime="20230124 11:20:20.211"/>
</kw>
<kw name="Input Text" library="SeleniumLibrary">
<arg>name=FirstName</arg>
<arg>john</arg>
<doc>Types the given ``text`` into the text field identified by ``locator``.</doc>
<msg timestamp="20230124 11:20:20.212" level="INFO">Typing text 'john' into text field 'name=FirstName'.</msg>
<status status="PASS" starttime="20230124 11:20:20.211" endtime="20230124 11:20:20.393"/>
</kw>
<kw name="Input Text" library="SeleniumLibrary">
<arg>name=LastName</arg>
<arg>wick</arg>
<doc>Types the given ``text`` into the text field identified by ``locator``.</doc>
<msg timestamp="20230124 11:20:20.395" level="INFO">Typing text 'wick' into text field 'name=LastName'.</msg>
<status status="PASS" starttime="20230124 11:20:20.393" endtime="20230124 11:20:20.541"/>
</kw>
<kw name="Input Text" library="SeleniumLibrary">
<arg>name=Email</arg>
<arg>john@gmail.com</arg>
<doc>Types the given ``text`` into the text field identified by ``locator``.</doc>
<msg timestamp="20230124 11:20:20.542" level="INFO">Typing text 'john@gmail.com' into text field 'name=Email'.</msg>
<status status="PASS" starttime="20230124 11:20:20.541" endtime="20230124 11:20:20.702"/>
</kw>
<kw name="Select From List By Label" library="SeleniumLibrary">
<arg>id=CompanySize</arg>
<arg>10 - 99</arg>
<doc>Selects options from selection list ``locator`` by ``labels``.</doc>
<msg timestamp="20230124 11:20:20.703" level="INFO">Selecting options from selection list 'id=CompanySize' by label 10 - 99.</msg>
<status status="PASS" starttime="20230124 11:20:20.702" endtime="20230124 11:20:20.825"/>
</kw>
<status status="PASS" starttime="20230124 11:20:01.945" endtime="20230124 11:20:20.825"/>
</test>
<status status="PASS" starttime="20230124 11:20:01.650" endtime="20230124 11:20:20.827"/>
</suite>
<statistics>
<total>
<stat pass="1" fail="0" skip="0">All Tests</stat>
</total>
<tag>
</tag>
<suite>
<stat pass="1" fail="0" skip="0" id="s1" name="Demo4 Gotomeeting">Demo4 Gotomeeting</stat>
</suite>
</statistics>
<errors>
</errors>
</robot>
