<?xml version="1.0" encoding="UTF-8"?>
<robot generator="Robot 6.0.2 (Python 3.11.1 on win32)" generated="20230121 16:36:44.278" rpa="false" schemaversion="3">
<suite id="s1" name="Demo2 Android Native App" source="C:\robot_project\appium_suite\demo2_android_native_app.robot">
<test id="s1-t1" name="TC1 sign up" line="9">
<kw name="Open Application" library="AppiumLibrary">
<arg>remote_url=http://localhost:4723/wd/hub</arg>
<arg>platformName=android</arg>
<arg>deviceName=redminote5pro</arg>
<arg>app=C:${/}components${/}khan-academy-7-3-2.apk</arg>
<doc>Opens a new application to given Appium server.
Capabilities of appium server, Android and iOS,
Please check https://github.com/appium/appium/blob/master/docs/en/writing-running-appium/server-args.md
| *Option*            | *Man.* | *Description*     |
| remote_url          | Yes    | Appium server url |
| alias               | no     | alias             |
| strict_ssl          | No     | allows you to send commands to an invalid certificate host like a self-signed one. |</doc>
<status status="PASS" starttime="20230121 16:36:44.631" endtime="20230121 16:37:02.291"/>
</kw>
<kw name="Set Appium Timeout" library="AppiumLibrary">
<arg>30s</arg>
<doc>Sets the timeout in seconds used by various keywords.</doc>
<status status="PASS" starttime="20230121 16:37:02.292" endtime="20230121 16:37:02.293"/>
</kw>
<kw name="Wait Until Page Contains Element" library="AppiumLibrary">
<arg>xpath=//*[@text='Dismiss']</arg>
<arg>30s</arg>
<doc>Waits until element specified with `locator` appears on current page.</doc>
<msg timestamp="20230121 16:37:06.968" level="INFO">xpath criteria: //*[@text='Dismiss']
xpath criteria: //*[@text='Dismiss']
xpath criteria: //*[@text='Dismiss']
xpath criteria: //*[@text='Dismiss']
xpath criteria: //*[@text='Dismiss']
xpath criteria: //*[@text='Dismiss']</msg>
<status status="PASS" starttime="20230121 16:37:02.293" endtime="20230121 16:37:06.968"/>
</kw>
<kw name="Click Element" library="AppiumLibrary">
<arg>xpath=//*[@text='Dismiss']</arg>
<doc>Click element identified by `locator`.</doc>
<msg timestamp="20230121 16:37:06.968" level="INFO">Clicking element 'xpath=//*[@text='Dismiss']'.</msg>
<msg timestamp="20230121 16:37:07.124" level="INFO">xpath criteria: //*[@text='Dismiss']</msg>
<status status="PASS" starttime="20230121 16:37:06.968" endtime="20230121 16:37:07.124"/>
</kw>
<kw name="Wait Until Page Contains Element" library="AppiumLibrary">
<arg>xpath=//android.widget.ImageView[@content-desc='Settings']</arg>
<doc>Waits until element specified with `locator` appears on current page.</doc>
<msg timestamp="20230121 16:37:08.036" level="INFO">xpath criteria: //android.widget.ImageView[@content-desc='Settings']
xpath criteria: //android.widget.ImageView[@content-desc='Settings']</msg>
<status status="PASS" starttime="20230121 16:37:07.124" endtime="20230121 16:37:08.036"/>
</kw>
<kw name="Click Element" library="AppiumLibrary">
<arg>xpath=//android.widget.ImageView[@content-desc='Settings']</arg>
<doc>Click element identified by `locator`.</doc>
<msg timestamp="20230121 16:37:08.036" level="INFO">Clicking element 'xpath=//android.widget.ImageView[@content-desc='Settings']'.</msg>
<msg timestamp="20230121 16:37:08.264" level="INFO">xpath criteria: //android.widget.ImageView[@content-desc='Settings']</msg>
<status status="PASS" starttime="20230121 16:37:08.036" endtime="20230121 16:37:08.264"/>
</kw>
<kw name="Wait Until Page Contains Element" library="AppiumLibrary">
<arg>xpath=//android.widget.TextView[@text='Sign in']</arg>
<doc>Waits until element specified with `locator` appears on current page.</doc>
<msg timestamp="20230121 16:37:09.453" level="INFO">xpath criteria: //android.widget.TextView[@text='Sign in']
xpath criteria: //android.widget.TextView[@text='Sign in']</msg>
<status status="PASS" starttime="20230121 16:37:08.264" endtime="20230121 16:37:09.453"/>
</kw>
<kw name="Click Element" library="AppiumLibrary">
<arg>xpath=//android.widget.TextView[@text='Sign in']</arg>
<doc>Click element identified by `locator`.</doc>
<msg timestamp="20230121 16:37:09.453" level="INFO">Clicking element 'xpath=//android.widget.TextView[@text='Sign in']'.</msg>
<msg timestamp="20230121 16:37:10.039" level="INFO">xpath criteria: //android.widget.TextView[@text='Sign in']</msg>
<status status="PASS" starttime="20230121 16:37:09.453" endtime="20230121 16:37:10.043"/>
</kw>
<kw name="Wait Until Page Contains Element" library="AppiumLibrary">
<arg>xpath=//android.widget.TextView[@text='Sign up with email']</arg>
<doc>Waits until element specified with `locator` appears on current page.</doc>
<msg timestamp="20230121 16:37:11.207" level="INFO">xpath criteria: //android.widget.TextView[@text='Sign up with email']
xpath criteria: //android.widget.TextView[@text='Sign up with email']</msg>
<status status="PASS" starttime="20230121 16:37:10.043" endtime="20230121 16:37:11.207"/>
</kw>
<kw name="Click Element" library="AppiumLibrary">
<arg>xpath=//android.widget.TextView[@text='Sign up with email']</arg>
<doc>Click element identified by `locator`.</doc>
<msg timestamp="20230121 16:37:11.207" level="INFO">Clicking element 'xpath=//android.widget.TextView[@text='Sign up with email']'.</msg>
<msg timestamp="20230121 16:37:11.372" level="INFO">xpath criteria: //android.widget.TextView[@text='Sign up with email']</msg>
<status status="PASS" starttime="20230121 16:37:11.207" endtime="20230121 16:37:11.373"/>
</kw>
<kw name="Wait Until Page Contains Element" library="AppiumLibrary">
<arg>xpath=//android.widget.EditText[@content-desc='First name']</arg>
<doc>Waits until element specified with `locator` appears on current page.</doc>
<msg timestamp="20230121 16:37:12.311" level="INFO">xpath criteria: //android.widget.EditText[@content-desc='First name']
xpath criteria: //android.widget.EditText[@content-desc='First name']</msg>
<status status="PASS" starttime="20230121 16:37:11.373" endtime="20230121 16:37:12.315"/>
</kw>
<kw name="Input Text" library="AppiumLibrary">
<arg>xpath=//android.widget.EditText[@content-desc='First name']</arg>
<arg>Aparna</arg>
<doc>Types the given `text` into text field identified by `locator`.</doc>
<msg timestamp="20230121 16:37:12.315" level="INFO">Typing text 'Aparna' into text field 'xpath=//android.widget.EditText[@content-desc='First name']'</msg>
<msg timestamp="20230121 16:37:13.132" level="INFO">xpath criteria: //android.widget.EditText[@content-desc='First name']</msg>
<status status="PASS" starttime="20230121 16:37:12.315" endtime="20230121 16:37:13.132"/>
</kw>
<kw name="Wait Until Page Contains Element" library="AppiumLibrary">
<arg>xpath=//android.widget.EditText[@content-desc='Last name']</arg>
<doc>Waits until element specified with `locator` appears on current page.</doc>
<msg timestamp="20230121 16:37:13.767" level="INFO">xpath criteria: //android.widget.EditText[@content-desc='Last name']</msg>
<status status="PASS" starttime="20230121 16:37:13.132" endtime="20230121 16:37:13.767"/>
</kw>
<kw name="Input Text" library="AppiumLibrary">
<arg>xpath=//android.widget.EditText[@content-desc='Last name']</arg>
<arg>Mohan</arg>
<doc>Types the given `text` into text field identified by `locator`.</doc>
<msg timestamp="20230121 16:37:13.767" level="INFO">Typing text 'Mohan' into text field 'xpath=//android.widget.EditText[@content-desc='Last name']'</msg>
<msg timestamp="20230121 16:37:13.938" level="INFO">xpath criteria: //android.widget.EditText[@content-desc='Last name']</msg>
<status status="PASS" starttime="20230121 16:37:13.767" endtime="20230121 16:37:13.938"/>
</kw>
<kw name="Wait Until Page Contains Element" library="AppiumLibrary">
<arg>xpath=//android.widget.TextView[@text='Birthday']</arg>
<doc>Waits until element specified with `locator` appears on current page.</doc>
<msg timestamp="20230121 16:37:14.569" level="INFO">xpath criteria: //android.widget.TextView[@text='Birthday']</msg>
<status status="PASS" starttime="20230121 16:37:13.938" endtime="20230121 16:37:14.569"/>
</kw>
<kw name="Click Element" library="AppiumLibrary">
<arg>xpath=//android.widget.TextView[@text='Birthday']</arg>
<doc>Click element identified by `locator`.</doc>
<msg timestamp="20230121 16:37:14.573" level="INFO">Clicking element 'xpath=//android.widget.TextView[@text='Birthday']'.</msg>
<msg timestamp="20230121 16:37:14.737" level="INFO">xpath criteria: //android.widget.TextView[@text='Birthday']</msg>
<status status="PASS" starttime="20230121 16:37:14.569" endtime="20230121 16:37:14.737"/>
</kw>
<kw name="Wait Until Page Contains Element" library="AppiumLibrary">
<arg>xpath=(//android.widget.EditText[@resource-id='android:id/numberpicker_input'])[1]</arg>
<doc>Waits until element specified with `locator` appears on current page.</doc>
<msg timestamp="20230121 16:37:15.730" level="INFO">xpath criteria: (//android.widget.EditText[@resource-id='android:id/numberpicker_input'])[1]
xpath criteria: (//android.widget.EditText[@resource-id='android:id/numberpicker_input'])[1]</msg>
<status status="PASS" starttime="20230121 16:37:14.737" endtime="20230121 16:37:15.730"/>
</kw>
<kw name="Click Element" library="AppiumLibrary">
<arg>xpath=(//android.widget.EditText[@resource-id='android:id/numberpicker_input'])[1]</arg>
<doc>Click element identified by `locator`.</doc>
<msg timestamp="20230121 16:37:15.734" level="INFO">Clicking element 'xpath=(//android.widget.EditText[@resource-id='android:id/numberpicker_input'])[1]'.</msg>
<msg timestamp="20230121 16:37:15.952" level="INFO">xpath criteria: (//android.widget.EditText[@resource-id='android:id/numberpicker_input'])[1]</msg>
<status status="PASS" starttime="20230121 16:37:15.734" endtime="20230121 16:37:15.952"/>
</kw>
<kw name="Wait Until Page Contains Element" library="AppiumLibrary">
<arg>xpath=(//android.widget.EditText[@resource-id='android:id/numberpicker_input'])[1]</arg>
<doc>Waits until element specified with `locator` appears on current page.</doc>
<msg timestamp="20230121 16:37:17.163" level="INFO">xpath criteria: (//android.widget.EditText[@resource-id='android:id/numberpicker_input'])[1]</msg>
<status status="PASS" starttime="20230121 16:37:15.952" endtime="20230121 16:37:17.163"/>
</kw>
<kw name="Clear Text" library="AppiumLibrary">
<arg>xpath=(//android.widget.EditText[@resource-id='android:id/numberpicker_input'])[1]</arg>
<doc>Clears the text field identified by `locator`.</doc>
<msg timestamp="20230121 16:37:17.163" level="INFO">Clear text field 'xpath=(//android.widget.EditText[@resource-id='android:id/numberpicker_input'])[1]'</msg>
<msg timestamp="20230121 16:37:17.366" level="INFO">xpath criteria: (//android.widget.EditText[@resource-id='android:id/numberpicker_input'])[1]</msg>
<status status="PASS" starttime="20230121 16:37:17.163" endtime="20230121 16:37:17.366"/>
</kw>
<kw name="Wait Until Page Contains Element" library="AppiumLibrary">
<arg>xpath=(//android.widget.EditText[@resource-id='android:id/numberpicker_input'])[1]</arg>
<doc>Waits until element specified with `locator` appears on current page.</doc>
<msg timestamp="20230121 16:37:18.099" level="INFO">xpath criteria: (//android.widget.EditText[@resource-id='android:id/numberpicker_input'])[1]</msg>
<status status="PASS" starttime="20230121 16:37:17.366" endtime="20230121 16:37:18.099"/>
</kw>
<kw name="Input Text" library="AppiumLibrary">
<arg>xpath=(//android.widget.EditText[@resource-id='android:id/numberpicker_input'])[1]</arg>
<arg>Mar</arg>
<doc>Types the given `text` into text field identified by `locator`.</doc>
<msg timestamp="20230121 16:37:18.103" level="INFO">Typing text 'Mar' into text field 'xpath=(//android.widget.EditText[@resource-id='android:id/numberpicker_input'])[1]'</msg>
<msg timestamp="20230121 16:37:18.256" level="INFO">xpath criteria: (//android.widget.EditText[@resource-id='android:id/numberpicker_input'])[1]</msg>
<status status="PASS" starttime="20230121 16:37:18.099" endtime="20230121 16:37:18.256"/>
</kw>
<kw name="Wait Until Page Contains Element" library="AppiumLibrary">
<arg>xpath=(//android.widget.EditText[@resource-id='android:id/numberpicker_input'])[2]</arg>
<doc>Waits until element specified with `locator` appears on current page.</doc>
<msg timestamp="20230121 16:37:19.170" level="INFO">xpath criteria: (//android.widget.EditText[@resource-id='android:id/numberpicker_input'])[2]</msg>
<status status="PASS" starttime="20230121 16:37:18.260" endtime="20230121 16:37:19.170"/>
</kw>
<kw name="Click Element" library="AppiumLibrary">
<arg>xpath=(//android.widget.EditText[@resource-id='android:id/numberpicker_input'])[2]</arg>
<doc>Click element identified by `locator`.</doc>
<msg timestamp="20230121 16:37:19.170" level="INFO">Clicking element 'xpath=(//android.widget.EditText[@resource-id='android:id/numberpicker_input'])[2]'.</msg>
<msg timestamp="20230121 16:37:19.389" level="INFO">xpath criteria: (//android.widget.EditText[@resource-id='android:id/numberpicker_input'])[2]</msg>
<status status="PASS" starttime="20230121 16:37:19.170" endtime="20230121 16:37:19.392"/>
</kw>
<kw name="Wait Until Page Contains Element" library="AppiumLibrary">
<arg>xpath=(//android.widget.EditText[@resource-id='android:id/numberpicker_input'])[2]</arg>
<doc>Waits until element specified with `locator` appears on current page.</doc>
<msg timestamp="20230121 16:37:20.524" level="INFO">xpath criteria: (//android.widget.EditText[@resource-id='android:id/numberpicker_input'])[2]</msg>
<status status="PASS" starttime="20230121 16:37:19.393" endtime="20230121 16:37:20.524"/>
</kw>
<kw name="Clear Text" library="AppiumLibrary">
<arg>xpath=(//android.widget.EditText[@resource-id='android:id/numberpicker_input'])[2]</arg>
<doc>Clears the text field identified by `locator`.</doc>
<msg timestamp="20230121 16:37:20.524" level="INFO">Clear text field 'xpath=(//android.widget.EditText[@resource-id='android:id/numberpicker_input'])[2]'</msg>
<msg timestamp="20230121 16:37:21.218" level="INFO">xpath criteria: (//android.widget.EditText[@resource-id='android:id/numberpicker_input'])[2]</msg>
<status status="PASS" starttime="20230121 16:37:20.524" endtime="20230121 16:37:21.218"/>
</kw>
<kw name="Wait Until Page Contains Element" library="AppiumLibrary">
<arg>xpath=(//android.widget.EditText[@resource-id='android:id/numberpicker_input'])[2]</arg>
<doc>Waits until element specified with `locator` appears on current page.</doc>
<msg timestamp="20230121 16:37:21.952" level="INFO">xpath criteria: (//android.widget.EditText[@resource-id='android:id/numberpicker_input'])[2]</msg>
<status status="PASS" starttime="20230121 16:37:21.218" endtime="20230121 16:37:21.952"/>
</kw>
<kw name="Input Text" library="AppiumLibrary">
<arg>xpath=(//android.widget.EditText[@resource-id='android:id/numberpicker_input'])[2]</arg>
<arg>16</arg>
<doc>Types the given `text` into text field identified by `locator`.</doc>
<msg timestamp="20230121 16:37:21.952" level="INFO">Typing text '16' into text field 'xpath=(//android.widget.EditText[@resource-id='android:id/numberpicker_input'])[2]'</msg>
<msg timestamp="20230121 16:37:22.143" level="INFO">xpath criteria: (//android.widget.EditText[@resource-id='android:id/numberpicker_input'])[2]</msg>
<status status="PASS" starttime="20230121 16:37:21.952" endtime="20230121 16:37:22.147"/>
</kw>
<kw name="Wait Until Page Contains Element" library="AppiumLibrary">
<arg>xpath=(//android.widget.EditText[@resource-id='android:id/numberpicker_input'])[3]</arg>
<doc>Waits until element specified with `locator` appears on current page.</doc>
<msg timestamp="20230121 16:37:23.164" level="INFO">xpath criteria: (//android.widget.EditText[@resource-id='android:id/numberpicker_input'])[3]</msg>
<status status="PASS" starttime="20230121 16:37:22.147" endtime="20230121 16:37:23.164"/>
</kw>
<kw name="Click Element" library="AppiumLibrary">
<arg>xpath=(//android.widget.EditText[@resource-id='android:id/numberpicker_input'])[3]</arg>
<doc>Click element identified by `locator`.</doc>
<msg timestamp="20230121 16:37:23.164" level="INFO">Clicking element 'xpath=(//android.widget.EditText[@resource-id='android:id/numberpicker_input'])[3]'.</msg>
<msg timestamp="20230121 16:37:23.365" level="INFO">xpath criteria: (//android.widget.EditText[@resource-id='android:id/numberpicker_input'])[3]</msg>
<status status="PASS" starttime="20230121 16:37:23.164" endtime="20230121 16:37:23.369"/>
</kw>
<kw name="Wait Until Page Contains Element" library="AppiumLibrary">
<arg>xpath=(//android.widget.EditText[@resource-id='android:id/numberpicker_input'])[3]</arg>
<doc>Waits until element specified with `locator` appears on current page.</doc>
<msg timestamp="20230121 16:37:24.410" level="INFO">xpath criteria: (//android.widget.EditText[@resource-id='android:id/numberpicker_input'])[3]</msg>
<status status="PASS" starttime="20230121 16:37:23.369" endtime="20230121 16:37:24.414"/>
</kw>
<kw name="Clear Text" library="AppiumLibrary">
<arg>xpath=(//android.widget.EditText[@resource-id='android:id/numberpicker_input'])[3]</arg>
<doc>Clears the text field identified by `locator`.</doc>
<msg timestamp="20230121 16:37:24.414" level="INFO">Clear text field 'xpath=(//android.widget.EditText[@resource-id='android:id/numberpicker_input'])[3]'</msg>
<msg timestamp="20230121 16:37:25.218" level="INFO">xpath criteria: (//android.widget.EditText[@resource-id='android:id/numberpicker_input'])[3]</msg>
<status status="PASS" starttime="20230121 16:37:24.414" endtime="20230121 16:37:25.218"/>
</kw>
<kw name="Wait Until Page Contains Element" library="AppiumLibrary">
<arg>xpath=(//android.widget.EditText[@resource-id='android:id/numberpicker_input'])[3]</arg>
<doc>Waits until element specified with `locator` appears on current page.</doc>
<msg timestamp="20230121 16:37:26.199" level="INFO">xpath criteria: (//android.widget.EditText[@resource-id='android:id/numberpicker_input'])[3]</msg>
<status status="PASS" starttime="20230121 16:37:25.218" endtime="20230121 16:37:26.201"/>
</kw>
<kw name="Input Text" library="AppiumLibrary">
<arg>xpath=(//android.widget.EditText[@resource-id='android:id/numberpicker_input'])[3]</arg>
<arg>2001</arg>
<doc>Types the given `text` into text field identified by `locator`.</doc>
<msg timestamp="20230121 16:37:26.203" level="INFO">Typing text '2001' into text field 'xpath=(//android.widget.EditText[@resource-id='android:id/numberpicker_input'])[3]'</msg>
<msg timestamp="20230121 16:37:26.388" level="INFO">xpath criteria: (//android.widget.EditText[@resource-id='android:id/numberpicker_input'])[3]</msg>
<status status="PASS" starttime="20230121 16:37:26.201" endtime="20230121 16:37:26.388"/>
</kw>
<kw name="Wait Until Page Contains Element" library="AppiumLibrary">
<arg>xpath=//android.widget.Button[@text='OK']</arg>
<doc>Waits until element specified with `locator` appears on current page.</doc>
<msg timestamp="20230121 16:37:27.263" level="INFO">xpath criteria: //android.widget.Button[@text='OK']</msg>
<status status="PASS" starttime="20230121 16:37:26.388" endtime="20230121 16:37:27.263"/>
</kw>
<kw name="Click Element" library="AppiumLibrary">
<arg>xpath=//android.widget.Button[@text='OK']</arg>
<doc>Click element identified by `locator`.</doc>
<msg timestamp="20230121 16:37:27.267" level="INFO">Clicking element 'xpath=//android.widget.Button[@text='OK']'.</msg>
<msg timestamp="20230121 16:37:27.419" level="INFO">xpath criteria: //android.widget.Button[@text='OK']</msg>
<status status="PASS" starttime="20230121 16:37:27.267" endtime="20230121 16:37:27.423"/>
</kw>
<kw name="Wait Until Page Contains Element" library="AppiumLibrary">
<arg>xpath=//android.widget.EditText[@text='Email address']</arg>
<doc>Waits until element specified with `locator` appears on current page.</doc>
<msg timestamp="20230121 16:37:27.616" level="INFO">xpath criteria: //android.widget.EditText[@text='Email address']</msg>
<status status="PASS" starttime="20230121 16:37:27.423" endtime="20230121 16:37:27.616"/>
</kw>
<kw name="Input Text" library="AppiumLibrary">
<arg>xpath=//android.widget.EditText[@text='Email address']</arg>
<arg>aparnam@gmail.com</arg>
<doc>Types the given `text` into text field identified by `locator`.</doc>
<msg timestamp="20230121 16:37:27.616" level="INFO">Typing text 'aparnam@gmail.com' into text field 'xpath=//android.widget.EditText[@text='Email address']'</msg>
<msg timestamp="20230121 16:37:29.145" level="INFO">xpath criteria: //android.widget.EditText[@text='Email address']</msg>
<status status="PASS" starttime="20230121 16:37:27.616" endtime="20230121 16:37:29.145"/>
</kw>
<kw name="Wait Until Page Contains Element" library="AppiumLibrary">
<arg>xpath=//android.widget.EditText[@text='Password']</arg>
<doc>Waits until element specified with `locator` appears on current page.</doc>
<msg timestamp="20230121 16:37:29.751" level="INFO">xpath criteria: //android.widget.EditText[@text='Password']</msg>
<status status="PASS" starttime="20230121 16:37:29.145" endtime="20230121 16:37:29.751"/>
</kw>
<kw name="Input Text" library="AppiumLibrary">
<arg>xpath=//android.widget.EditText[@text='Password']</arg>
<arg>aparnam</arg>
<doc>Types the given `text` into text field identified by `locator`.</doc>
<msg timestamp="20230121 16:37:29.751" level="INFO">Typing text 'aparnam' into text field 'xpath=//android.widget.EditText[@text='Password']'</msg>
<msg timestamp="20230121 16:37:30.454" level="INFO">xpath criteria: //android.widget.EditText[@text='Password']</msg>
<status status="PASS" starttime="20230121 16:37:29.751" endtime="20230121 16:37:30.454"/>
</kw>
<kw name="Wait Until Page Contains Element" library="AppiumLibrary">
<arg>xpath=//android.widget.TextView[@text='CREATE']</arg>
<doc>Waits until element specified with `locator` appears on current page.</doc>
<msg timestamp="20230121 16:37:31.125" level="INFO">xpath criteria: //android.widget.TextView[@text='CREATE']</msg>
<status status="PASS" starttime="20230121 16:37:30.454" endtime="20230121 16:37:31.125"/>
</kw>
<kw name="Click Element" library="AppiumLibrary">
<arg>xpath=//android.widget.TextView[@text='CREATE']</arg>
<doc>Click element identified by `locator`.</doc>
<msg timestamp="20230121 16:37:31.129" level="INFO">Clicking element 'xpath=//android.widget.TextView[@text='CREATE']'.</msg>
<msg timestamp="20230121 16:37:31.282" level="INFO">xpath criteria: //android.widget.TextView[@text='CREATE']</msg>
<status status="PASS" starttime="20230121 16:37:31.125" endtime="20230121 16:37:31.282"/>
</kw>
<kw name="Wait Until Page Contains Element" library="AppiumLibrary">
<arg>xpath=//android.widget.TextView[@text='There was an issue signing in']</arg>
<doc>Waits until element specified with `locator` appears on current page.</doc>
<msg timestamp="20230121 16:37:33.416" level="INFO">xpath criteria: //android.widget.TextView[@text='There was an issue signing in']</msg>
<status status="PASS" starttime="20230121 16:37:31.282" endtime="20230121 16:37:33.417"/>
</kw>
<kw name="Element Text Should Be" library="AppiumLibrary">
<arg>xpath=//android.widget.TextView[@text='There was an issue signing in']</arg>
<arg>There was an issue signing in</arg>
<doc>Verifies element identified by ``locator`` exactly contains text ``expected``.</doc>
<msg timestamp="20230121 16:37:33.417" level="INFO">Verifying element 'xpath=//android.widget.TextView[@text='There was an issue signing in']' contains exactly text 'There was an issue signing in'.</msg>
<msg timestamp="20230121 16:37:33.565" level="INFO">xpath criteria: //android.widget.TextView[@text='There was an issue signing in']</msg>
<status status="PASS" starttime="20230121 16:37:33.417" endtime="20230121 16:37:33.565"/>
</kw>
<kw name="Sleep" library="BuiltIn">
<arg>30s</arg>
<doc>Pauses the test executed for the given time.</doc>
<msg timestamp="20230121 16:38:03.565" level="INFO">Slept 30 seconds</msg>
<status status="PASS" starttime="20230121 16:37:33.565" endtime="20230121 16:38:03.565"/>
</kw>
<kw name="Close Application" library="AppiumLibrary" type="TEARDOWN">
<doc>Closes the current application and also close webdriver session.</doc>
<status status="PASS" starttime="20230121 16:38:03.565" endtime="20230121 16:38:04.314"/>
</kw>
<doc>working with native app
for automating sign up activity</doc>
<status status="PASS" starttime="20230121 16:36:44.631" endtime="20230121 16:38:04.314"/>
</test>
<status status="PASS" starttime="20230121 16:36:44.284" endtime="20230121 16:38:04.314"/>
</suite>
<statistics>
<total>
<stat pass="1" fail="0" skip="0">All Tests</stat>
</total>
<tag>
</tag>
<suite>
<stat pass="1" fail="0" skip="0" id="s1" name="Demo2 Android Native App">Demo2 Android Native App</stat>
</suite>
</statistics>
<errors>
</errors>
</robot>
