<?xml version="1.0" encoding="UTF-8"?>
<robot generator="Robot 6.0.2 (Python 3.11.1 on win32)" generated="20230119 17:13:21.790" rpa="false" schemaversion="3">
<suite id="s1" name="Demo9 Alert" source="C:\robot_project\selenium_suite\demo9_alert.robot">
<test id="s1-t1" name="TC1" line="5">
<kw name="Open Browser" library="SeleniumLibrary">
<arg>browser=chrome</arg>
<doc>Opens a new browser instance to the optional ``url``.</doc>
<msg timestamp="20230119 17:13:22.146" level="INFO">Opening browser 'chrome' to base url 'None'.</msg>
<status status="PASS" starttime="20230119 17:13:22.130" endtime="20230119 17:13:24.018"/>
</kw>
<kw name="Maximize Browser Window" library="SeleniumLibrary">
<doc>Maximizes current browser window.</doc>
<status status="PASS" starttime="20230119 17:13:24.019" endtime="20230119 17:13:24.141"/>
</kw>
<kw name="Set Selenium Implicit Wait" library="SeleniumLibrary">
<arg>30s</arg>
<doc>Sets the implicit wait value used by Selenium.</doc>
<status status="PASS" starttime="20230119 17:13:24.141" endtime="20230119 17:13:24.144"/>
</kw>
<kw name="Go To" library="SeleniumLibrary">
<arg>url=https://netbanking.hdfcbank.com/netbanking/IpinResetUsingOTP.htm</arg>
<doc>Navigates the current browser window to the provided ``url``.</doc>
<msg timestamp="20230119 17:13:24.145" level="INFO">Opening url 'https://netbanking.hdfcbank.com/netbanking/IpinResetUsingOTP.htm'</msg>
<status status="PASS" starttime="20230119 17:13:24.144" endtime="20230119 17:13:24.991"/>
</kw>
<kw name="Click Element" library="SeleniumLibrary">
<arg>xpath=//img[@alt='Go']</arg>
<doc>Click the element identified by ``locator``.</doc>
<msg timestamp="20230119 17:13:24.994" level="INFO">Clicking element 'xpath=//img[@alt='Go']'.</msg>
<status status="PASS" starttime="20230119 17:13:24.992" endtime="20230119 17:13:25.066"/>
</kw>
<kw name="Handle Alert" library="SeleniumLibrary">
<var>${alert_text}</var>
<arg>action=ACCEPT</arg>
<doc>Handles the current alert and returns its message.</doc>
<msg timestamp="20230119 17:13:25.067" level="INFO">HANDLE::&lt;class 'NoneType'&gt;::None</msg>
<msg timestamp="20230119 17:13:25.074" level="INFO">${alert_text} = Customer ID  cannot be left blank.</msg>
<status status="PASS" starttime="20230119 17:13:25.066" endtime="20230119 17:13:25.074"/>
</kw>
<kw name="Log To Console" library="BuiltIn">
<arg>${alert_text}</arg>
<doc>Logs the given message to the console.</doc>
<status status="PASS" starttime="20230119 17:13:25.074" endtime="20230119 17:13:25.075"/>
</kw>
<kw name="Should Be Equal" library="BuiltIn">
<arg>${alert_text}</arg>
<arg>Customer ID${SPACE}${SPACE}cannot be left blank.</arg>
<doc>Fails if the given objects are unequal.</doc>
<status status="PASS" starttime="20230119 17:13:25.076" endtime="20230119 17:13:25.077"/>
</kw>
<status status="PASS" starttime="20230119 17:13:22.130" endtime="20230119 17:13:25.077"/>
</test>
<status status="PASS" starttime="20230119 17:13:21.790" endtime="20230119 17:13:25.079"/>
</suite>
<statistics>
<total>
<stat pass="1" fail="0" skip="0">All Tests</stat>
</total>
<tag>
</tag>
<suite>
<stat pass="1" fail="0" skip="0" id="s1" name="Demo9 Alert">Demo9 Alert</stat>
</suite>
</statistics>
<errors>
</errors>
</robot>
