<?xml version="1.0" encoding="UTF-8"?>
<robot generator="Robot 6.0.2 (Python 3.11.1 on win32)" generated="20230119 15:12:58.599" rpa="false" schemaversion="3">
<suite id="s1" name="Demo4" source="C:\robot_project\robot_suite\demo4.robot">
<test id="s1-t1" name="TC4" line="29">
<kw name="Set Variable" library="BuiltIn">
<var>${num1}</var>
<arg>$100,200</arg>
<doc>Returns the given values which can then be assigned to a variables.</doc>
<msg timestamp="20230119 15:12:58.646" level="INFO">${num1} = $100,200</msg>
<status status="PASS" starttime="20230119 15:12:58.646" endtime="20230119 15:12:58.646"/>
</kw>
<kw name="Remove String" library="String">
<var>${num1}</var>
<arg>${num1}</arg>
<arg>$</arg>
<arg>,</arg>
<doc>Removes all ``removables`` from the given ``string``.</doc>
<msg timestamp="20230119 15:12:58.646" level="INFO">${num1} = 100200</msg>
<status status="PASS" starttime="20230119 15:12:58.646" endtime="20230119 15:12:58.646"/>
</kw>
<kw name="Log To Console" library="BuiltIn">
<arg>${num1}</arg>
<doc>Logs the given message to the console.</doc>
<status status="PASS" starttime="20230119 15:12:58.646" endtime="20230119 15:12:58.646"/>
</kw>
<kw name="Set Variable" library="BuiltIn">
<var>${num2}</var>
<arg>$200</arg>
<doc>Returns the given values which can then be assigned to a variables.</doc>
<msg timestamp="20230119 15:12:58.646" level="INFO">${num2} = $200</msg>
<status status="PASS" starttime="20230119 15:12:58.646" endtime="20230119 15:12:58.646"/>
</kw>
<kw name="Remove String" library="String">
<var>${num2}</var>
<arg>${num2}</arg>
<arg>$</arg>
<doc>Removes all ``removables`` from the given ``string``.</doc>
<msg timestamp="20230119 15:12:58.646" level="INFO">${num2} = 200</msg>
<status status="PASS" starttime="20230119 15:12:58.646" endtime="20230119 15:12:58.646"/>
</kw>
<kw name="Log To Console" library="BuiltIn">
<arg>${num2}</arg>
<doc>Logs the given message to the console.</doc>
<status status="PASS" starttime="20230119 15:12:58.646" endtime="20230119 15:12:58.646"/>
</kw>
<kw name="Evaluate" library="BuiltIn">
<var>${add}</var>
<arg>${num1}+${num2}</arg>
<doc>Evaluates the given expression in Python and returns the result.</doc>
<msg timestamp="20230119 15:12:58.646" level="INFO">${add} = 100400</msg>
<status status="PASS" starttime="20230119 15:12:58.646" endtime="20230119 15:12:58.646"/>
</kw>
<kw name="Log To Console" library="BuiltIn">
<arg>${add}</arg>
<doc>Logs the given message to the console.</doc>
<status status="PASS" starttime="20230119 15:12:58.658" endtime="20230119 15:12:58.658"/>
</kw>
<status status="PASS" starttime="20230119 15:12:58.646" endtime="20230119 15:12:58.658"/>
</test>
<status status="PASS" starttime="20230119 15:12:58.599" endtime="20230119 15:12:58.658"/>
</suite>
<statistics>
<total>
<stat pass="1" fail="0" skip="0">All Tests</stat>
</total>
<tag>
</tag>
<suite>
<stat pass="1" fail="0" skip="0" id="s1" name="Demo4">Demo4</stat>
</suite>
</statistics>
<errors>
</errors>
</robot>
