<?xml version="1.0" encoding="UTF-8"?>
<robot generator="Robot 6.0.2 (Python 3.11.1 on win32)" generated="20230119 14:16:16.092" rpa="false" schemaversion="3">
<suite id="s1" name="Demo3" source="C:\robot_project\robot_suite\demo3.robot">
<test id="s1-t1" name="TC8" line="61">
<kw name="Log To Console" library="BuiltIn">
<arg>${DETAILS}[mobile]</arg>
<doc>Logs the given message to the console.</doc>
<status status="PASS" starttime="20230119 14:16:16.123" endtime="20230119 14:16:16.123"/>
</kw>
<status status="PASS" starttime="20230119 14:16:16.123" endtime="20230119 14:16:16.123"/>
</test>
<status status="PASS" starttime="20230119 14:16:16.098" endtime="20230119 14:16:16.123"/>
</suite>
<statistics>
<total>
<stat pass="1" fail="0" skip="0">All Tests</stat>
</total>
<tag>
</tag>
<suite>
<stat pass="1" fail="0" skip="0" id="s1" name="Demo3">Demo3</stat>
</suite>
</statistics>
<errors>
</errors>
</robot>
