<?xml version="1.0" encoding="UTF-8"?>
<robot generator="Robot 6.0.2 (Python 3.11.1 on win32)" generated="20230120 11:57:21.368" rpa="false" schemaversion="3">
<suite id="s1" name="Demo1 App Launch" source="C:\robot_project\appium_suite\demo1_app_launch.robot">
<test id="s1-t1" name="TC2" line="20">
<kw name="Open Application" library="AppiumLibrary">
<arg>remote_url=http://localhost:4723/wd/hub</arg>
<arg>platformName=android</arg>
<arg>deviceName=redminote5pro</arg>
<arg>app=C:${/}components${/}khan-academy-7-3-2.apk</arg>
<doc>Opens a new application to given Appium server.
Capabilities of appium server, Android and iOS,
Please check https://github.com/appium/appium/blob/master/docs/en/writing-running-appium/server-args.md
| *Option*            | *Man.* | *Description*     |
| remote_url          | Yes    | Appium server url |
| alias               | no     | alias             |
| strict_ssl          | No     | allows you to send commands to an invalid certificate host like a self-signed one. |</doc>
<status status="PASS" starttime="20230120 11:57:21.651" endtime="20230120 11:57:40.609"/>
</kw>
<kw name="Wait Until Page Contains Element" library="AppiumLibrary">
<arg>xpath=//*[@text='Dismiss']</arg>
<arg>30s</arg>
<doc>Waits until element specified with `locator` appears on current page.</doc>
<msg timestamp="20230120 11:57:44.760" level="INFO">xpath criteria: //*[@text='Dismiss']
xpath criteria: //*[@text='Dismiss']
xpath criteria: //*[@text='Dismiss']
xpath criteria: //*[@text='Dismiss']</msg>
<status status="PASS" starttime="20230120 11:57:40.609" endtime="20230120 11:57:44.771"/>
</kw>
<kw name="Click Element" library="AppiumLibrary">
<arg>xpath=//*[@text='Dismiss']</arg>
<doc>Click element identified by `locator`.</doc>
<msg timestamp="20230120 11:57:44.771" level="INFO">Clicking element 'xpath=//*[@text='Dismiss']'.</msg>
<msg timestamp="20230120 11:57:45.101" level="INFO">xpath criteria: //*[@text='Dismiss']</msg>
<status status="PASS" starttime="20230120 11:57:44.771" endtime="20230120 11:57:45.101"/>
</kw>
<kw name="Wait Until Page Contains Element" library="AppiumLibrary">
<arg>xpath=//*[@text='Sign in']</arg>
<arg>30s</arg>
<doc>Waits until element specified with `locator` appears on current page.</doc>
<msg timestamp="20230120 11:57:45.974" level="INFO">xpath criteria: //*[@text='Sign in']
xpath criteria: //*[@text='Sign in']</msg>
<status status="PASS" starttime="20230120 11:57:45.102" endtime="20230120 11:57:45.974"/>
</kw>
<kw name="Click Element" library="AppiumLibrary">
<arg>xpath=//*[@text='Sign in']</arg>
<doc>Click element identified by `locator`.</doc>
<msg timestamp="20230120 11:57:45.974" level="INFO">Clicking element 'xpath=//*[@text='Sign in']'.</msg>
<msg timestamp="20230120 11:57:46.224" level="INFO">xpath criteria: //*[@text='Sign in']</msg>
<status status="PASS" starttime="20230120 11:57:45.974" endtime="20230120 11:57:46.224"/>
</kw>
<kw name="Wait Until Page Contains Element" library="AppiumLibrary">
<arg>xpath=//android.widget.TextView[@text='Sign in']</arg>
<arg>30s</arg>
<doc>Waits until element specified with `locator` appears on current page.</doc>
<msg timestamp="20230120 11:57:47.209" level="INFO">xpath criteria: //android.widget.TextView[@text='Sign in']
xpath criteria: //android.widget.TextView[@text='Sign in']</msg>
<status status="PASS" starttime="20230120 11:57:46.224" endtime="20230120 11:57:47.209"/>
</kw>
<kw name="Click Element" library="AppiumLibrary">
<arg>xpath=//android.widget.TextView[@text='Sign in']</arg>
<doc>Click element identified by `locator`.</doc>
<msg timestamp="20230120 11:57:47.225" level="INFO">Clicking element 'xpath=//android.widget.TextView[@text='Sign in']'.</msg>
<msg timestamp="20230120 11:57:48.182" level="INFO">xpath criteria: //android.widget.TextView[@text='Sign in']</msg>
<status status="PASS" starttime="20230120 11:57:47.209" endtime="20230120 11:57:48.182"/>
</kw>
<kw name="Wait Until Page Contains Element" library="AppiumLibrary">
<arg>xpath=//*[@text='Enter an e-mail address or username']</arg>
<arg>30s</arg>
<doc>Waits until element specified with `locator` appears on current page.</doc>
<msg timestamp="20230120 11:57:49.273" level="INFO">xpath criteria: //*[@text='Enter an e-mail address or username']</msg>
<status status="PASS" starttime="20230120 11:57:48.182" endtime="20230120 11:57:49.273"/>
</kw>
<kw name="Input Text" library="AppiumLibrary">
<arg>xpath=//*[@text='Enter an e-mail address or username']</arg>
<arg>aparnaml@gmail.com</arg>
<doc>Types the given `text` into text field identified by `locator`.</doc>
<msg timestamp="20230120 11:57:49.273" level="INFO">Typing text 'aparnaml@gmail.com' into text field 'xpath=//*[@text='Enter an e-mail address or username']'</msg>
<msg timestamp="20230120 11:57:50.066" level="INFO">xpath criteria: //*[@text='Enter an e-mail address or username']</msg>
<status status="PASS" starttime="20230120 11:57:49.273" endtime="20230120 11:57:50.066"/>
</kw>
<kw name="Wait Until Page Contains Element" library="AppiumLibrary">
<arg>xpath=//*[@text='Password']</arg>
<arg>30s</arg>
<doc>Waits until element specified with `locator` appears on current page.</doc>
<msg timestamp="20230120 11:57:50.753" level="INFO">xpath criteria: //*[@text='Password']</msg>
<status status="PASS" starttime="20230120 11:57:50.066" endtime="20230120 11:57:50.753"/>
</kw>
<kw name="Input Text" library="AppiumLibrary">
<arg>xpath=//*[@text='Password']</arg>
<arg>sdfgjsuw</arg>
<doc>Types the given `text` into text field identified by `locator`.</doc>
<msg timestamp="20230120 11:57:50.753" level="INFO">Typing text 'sdfgjsuw' into text field 'xpath=//*[@text='Password']'</msg>
<msg timestamp="20230120 11:57:52.119" level="INFO">xpath criteria: //*[@text='Password']</msg>
<status status="PASS" starttime="20230120 11:57:50.753" endtime="20230120 11:57:52.119"/>
</kw>
<kw name="Wait Until Page Contains Element" library="AppiumLibrary">
<arg>xpath=//*[@text='Sign in']</arg>
<arg>30s</arg>
<doc>Waits until element specified with `locator` appears on current page.</doc>
<msg timestamp="20230120 11:57:52.822" level="INFO">xpath criteria: //*[@text='Sign in']</msg>
<status status="PASS" starttime="20230120 11:57:52.119" endtime="20230120 11:57:52.822"/>
</kw>
<kw name="Click Element" library="AppiumLibrary">
<arg>xpath=//*[@text='Sign in']</arg>
<doc>Click element identified by `locator`.</doc>
<msg timestamp="20230120 11:57:52.822" level="INFO">Clicking element 'xpath=//*[@text='Sign in']'.</msg>
<msg timestamp="20230120 11:57:53.087" level="INFO">xpath criteria: //*[@text='Sign in']</msg>
<status status="PASS" starttime="20230120 11:57:52.822" endtime="20230120 11:57:53.087"/>
</kw>
<kw name="Sleep" library="BuiltIn">
<arg>15s</arg>
<doc>Pauses the test executed for the given time.</doc>
<msg timestamp="20230120 11:58:08.088" level="INFO">Slept 15 seconds</msg>
<status status="PASS" starttime="20230120 11:57:53.088" endtime="20230120 11:58:08.088"/>
</kw>
<kw name="Close Application" library="AppiumLibrary" type="TEARDOWN">
<doc>Closes the current application and also close webdriver session.</doc>
<status status="PASS" starttime="20230120 11:58:08.088" endtime="20230120 11:58:08.774"/>
</kw>
<status status="PASS" starttime="20230120 11:57:21.651" endtime="20230120 11:58:08.774"/>
</test>
<status status="PASS" starttime="20230120 11:57:21.368" endtime="20230120 11:58:08.775"/>
</suite>
<statistics>
<total>
<stat pass="1" fail="0" skip="0">All Tests</stat>
</total>
<tag>
</tag>
<suite>
<stat pass="1" fail="0" skip="0" id="s1" name="Demo1 App Launch">Demo1 App Launch</stat>
</suite>
</statistics>
<errors>
</errors>
</robot>
