<?xml version="1.0" encoding="UTF-8"?>
<robot generator="Robot 6.0.2 (Python 3.11.1 on win32)" generated="20230119 11:14:02.868" rpa="false" schemaversion="3">
<suite id="s1" name="Demo11 Advance" source="C:\robot_project\selenium_suite\demo11_advance.robot">
<test id="s1-t1" name="tc5" line="46">
<kw name="Open Browser" library="SeleniumLibrary">
<arg>browser=chrome</arg>
<doc>Opens a new browser instance to the optional ``url``.</doc>
<msg timestamp="20230119 11:14:03.236" level="INFO">Opening browser 'chrome' to base url 'None'.</msg>
<status status="PASS" starttime="20230119 11:14:03.235" endtime="20230119 11:14:04.947"/>
</kw>
<kw name="Maximize Browser Window" library="SeleniumLibrary">
<doc>Maximizes current browser window.</doc>
<status status="PASS" starttime="20230119 11:14:04.949" endtime="20230119 11:14:05.080"/>
</kw>
<kw name="Set Selenium Implicit Wait" library="SeleniumLibrary">
<arg>10s</arg>
<doc>Sets the implicit wait value used by Selenium.</doc>
<status status="PASS" starttime="20230119 11:14:05.081" endtime="20230119 11:14:05.096"/>
</kw>
<kw name="Go To" library="SeleniumLibrary">
<arg>url=https://nasscom.in</arg>
<doc>Navigates the current browser window to the provided ``url``.</doc>
<msg timestamp="20230119 11:14:05.097" level="INFO">Opening url 'https://nasscom.in'</msg>
<status status="PASS" starttime="20230119 11:14:05.096" endtime="20230119 11:14:32.346"/>
</kw>
<kw name="Get WebElement" library="SeleniumLibrary">
<var>${ele}</var>
<arg>xpath=//a[text()='Members Listing']</arg>
<doc>Returns the first WebElement matching the given ``locator``.</doc>
<msg timestamp="20230119 11:14:32.370" level="INFO">${ele} = &lt;selenium.webdriver.remote.webelement.WebElement (session="4fe297fd39530b525334a25a0ce95590", element="f7961537-7994-4ee2-90ce-a6080ed3b3ea")&gt;</msg>
<status status="PASS" starttime="20230119 11:14:32.346" endtime="20230119 11:14:32.371"/>
</kw>
<kw name="Execute Javascript" library="SeleniumLibrary">
<arg>arguments[0].click()</arg>
<arg>ARGUMENTS</arg>
<arg>${ele}</arg>
<doc>Executes the given JavaScript code with possible arguments.</doc>
<msg timestamp="20230119 11:14:32.374" level="INFO">Executing JavaScript:
arguments[0].click()
By using argument:
'&lt;selenium.webdriver.remote.webelement.WebElement (session="4fe297fd39530b525334a25a0ce95590", element="f7961537-7994-4ee2-90ce-a6080ed3b3ea")&gt;'</msg>
<status status="PASS" starttime="20230119 11:14:32.371" endtime="20230119 11:14:38.898"/>
</kw>
<status status="PASS" starttime="20230119 11:14:03.234" endtime="20230119 11:14:38.898"/>
</test>
<status status="PASS" starttime="20230119 11:14:02.868" endtime="20230119 11:14:38.900"/>
</suite>
<statistics>
<total>
<stat pass="1" fail="0" skip="0">All Tests</stat>
</total>
<tag>
</tag>
<suite>
<stat pass="1" fail="0" skip="0" id="s1" name="Demo11 Advance">Demo11 Advance</stat>
</suite>
</statistics>
<errors>
</errors>
</robot>
